<?xml version="1.0" encoding="UTF-8"?>
<!-- Generated by org.testng.reporters.JUnitReportReporter -->
<testsuite skipped="0" hostname="DESKTOP-M23GQVV" name="com.actitime.test.CreateCustomer" tests="1" failures="0" timestamp="2020-09-23T11:55:26 IST" time="50.999" errors="0">
  <testcase name="testCreateCustomer" time="50.999" classname="com.actitime.test.CreateCustomer"/>
  <system-out/>
</testsuite> <!-- com.actitime.test.CreateCustomer -->
